<?xml version="1.0" encoding="UTF-8"?>
<!-- Generated by org.testng.reporters.JUnitReportReporter -->
<testsuite skipped="0" hostname="INWS03011-02" name="com.project.test.Testcases.ParametersInTestNg" tests="2" failures="0" timestamp="03 Jun 2021 05:32:50 GMT" time="0.003" errors="0">
  <testcase name="loginTest" time="0.001" classname="com.project.test.Testcases.ParametersInTestNg"/>
  <testcase name="loginTest" time="0.002" classname="com.project.test.Testcases.ParametersInTestNg"/>
</testsuite> <!-- com.project.test.Testcases.ParametersInTestNg -->
