<?xml version="1.0" encoding="UTF-8"?>
<!-- Generated by org.testng.reporters.JUnitReportReporter -->
<testsuite skipped="1" hostname="INWS03011-02" name="com.project.test.Testcases.EnableAndDisable" tests="2" failures="0" timestamp="03 Jun 2021 05:32:50 GMT" time="0.002" errors="0">
  <testcase name="test1" time="0.002" classname="com.project.test.Testcases.EnableAndDisable"/>
  <testcase name="test2" classname="com.project.test.Testcases.EnableAndDisable">
    <skipped/>
  </testcase> <!-- test2 -->
</testsuite> <!-- com.project.test.Testcases.EnableAndDisable -->
