<?xml version="1.0" encoding="UTF-8"?>
<!-- Generated by org.testng.reporters.JUnitReportReporter -->
<testsuite skipped="0" hostname="INWS03011-02" name="com.project.test.dataprovider.MultipleDataProvider" tests="6" failures="0" timestamp="10 Jun 2021 13:32:26 GMT" time="0.015" errors="0">
  <testcase name="test2" time="0.001" classname="com.project.test.dataprovider.MultipleDataProvider"/>
  <testcase name="test1" time="0.001" classname="com.project.test.dataprovider.MultipleDataProvider"/>
  <testcase name="test2" time="0.001" classname="com.project.test.dataprovider.MultipleDataProvider"/>
  <testcase name="test1" time="0.001" classname="com.project.test.dataprovider.MultipleDataProvider"/>
  <testcase name="test1" time="0.010" classname="com.project.test.dataprovider.MultipleDataProvider"/>
  <testcase name="test2" time="0.001" classname="com.project.test.dataprovider.MultipleDataProvider"/>
</testsuite> <!-- com.project.test.dataprovider.MultipleDataProvider -->
