<?xml version="1.0" encoding="UTF-8"?>
<!-- Generated by org.testng.reporters.JUnitReportReporter -->
<testsuite skipped="0" hostname="INWS03011-02" name="com.project.test.group.TestCase1" tests="1" failures="0" timestamp="03 Jun 2021 09:12:36 GMT" time="0.005" errors="0">
  <testcase name="test" time="0.005" classname="com.project.test.group.TestCase1"/>
</testsuite> <!-- com.project.test.group.TestCase1 -->
