<?xml version="1.0" encoding="UTF-8"?>
<!-- Generated by org.testng.reporters.JUnitReportReporter -->
<testsuite skipped="0" hostname="INWS03011-02" name="com.project.test.Testcases.GroupTest" tests="3" failures="0" timestamp="03 Jun 2021 05:32:50 GMT" time="0.005" errors="0">
  <testcase name="test2" time="0.001" classname="com.project.test.Testcases.GroupTest"/>
  <testcase name="test1" time="0.002" classname="com.project.test.Testcases.GroupTest"/>
  <testcase name="test3" time="0.002" classname="com.project.test.Testcases.GroupTest"/>
</testsuite> <!-- com.project.test.Testcases.GroupTest -->
