<?xml version="1.0" encoding="UTF-8"?>
<!-- Generated by org.testng.reporters.JUnitReportReporter -->
<testsuite skipped="0" hostname="INWS03011-02" name="com.project.test.Listners.TestAnnotation" tests="2" failures="0" timestamp="02 Jun 2021 13:49:17 GMT" time="0.006" errors="0">
  <testcase name="Test" time="0.004" classname="com.project.test.Listners.TestAnnotation"/>
  <testcase name="Test1" time="0.002" classname="com.project.test.Listners.TestAnnotation"/>
</testsuite> <!-- com.project.test.Listners.TestAnnotation -->
