<?xml version="1.0" encoding="UTF-8"?>
<!-- Generated by org.testng.reporters.JUnitReportReporter -->
<testsuite skipped="0" hostname="INWS03011-02" name="com.project.test.group.APITestCases2" tests="1" failures="0" timestamp="04 Jun 2021 12:30:06 GMT" time="0.000" errors="0">
  <testcase name="APITestCase2" time="0.000" classname="com.project.test.group.APITestCases2"/>
</testsuite> <!-- com.project.test.group.APITestCases2 -->
