<?xml version="1.0" encoding="UTF-8"?>
<!-- Generated by org.testng.reporters.JUnitReportReporter -->
<testsuite skipped="0" hostname="INWS03011-02" name="com.project.test.Testcases.DataProviderInTestNG" tests="3" failures="0" timestamp="03 Jun 2021 05:32:50 GMT" time="0.003" errors="0">
  <testcase name="test" time="0.001" classname="com.project.test.Testcases.DataProviderInTestNG"/>
  <testcase name="test" time="0.001" classname="com.project.test.Testcases.DataProviderInTestNG"/>
  <testcase name="test" time="0.001" classname="com.project.test.Testcases.DataProviderInTestNG"/>
</testsuite> <!-- com.project.test.Testcases.DataProviderInTestNG -->
