<?xml version="1.0" encoding="UTF-8"?>
<!-- Generated by org.testng.reporters.JUnitReportReporter -->
<testsuite skipped="0" hostname="INWS03011-02" name="com.project.test.Testcases.ChromeTest" tests="2" failures="0" timestamp="03 Jun 2021 16:24:42 GMT" time="20.023" errors="0">
  <testcase name="chromeTestMethod" time="6.489" classname="com.project.test.Testcases.ChromeTest"/>
  <testcase name="chromeTestMethod" time="13.534" classname="com.project.test.Testcases.ChromeTest"/>
</testsuite> <!-- com.project.test.Testcases.ChromeTest -->
