<?xml version="1.0" encoding="UTF-8"?>
<!-- Generated by org.testng.reporters.JUnitReportReporter -->
<testsuite skipped="0" hostname="INWS03011-02" name="com.project.test.dataprovider.DataProviderWithExcel" tests="3" failures="0" timestamp="10 Jun 2021 12:23:24 GMT" time="0.018" errors="0">
  <testcase name="empData" time="0.015" classname="com.project.test.dataprovider.DataProviderWithExcel"/>
  <testcase name="empData" time="0.001" classname="com.project.test.dataprovider.DataProviderWithExcel"/>
  <testcase name="empData" time="0.002" classname="com.project.test.dataprovider.DataProviderWithExcel"/>
</testsuite> <!-- com.project.test.dataprovider.DataProviderWithExcel -->
