<?xml version="1.0" encoding="UTF-8"?>
<!-- Generated by org.testng.reporters.JUnitReportReporter -->
<testsuite skipped="2" hostname="INWS03011-02" name="com.project.test.group.APITestCases1" tests="3" failures="0" timestamp="04 Jun 2021 12:30:06 GMT" time="0.015" errors="0">
  <testcase name="APISubTest1_0" time="0.000" classname="com.project.test.group.APITestCases1">
    <skipped/>
  </testcase> <!-- APISubTest1_0 -->
  <testcase name="APITestCase1" time="0.000" classname="com.project.test.group.APITestCases1">
    <skipped/>
  </testcase> <!-- APITestCase1 -->
  <testcase name="APISubTest1_2" time="0.015" classname="com.project.test.group.APITestCases1"/>
</testsuite> <!-- com.project.test.group.APITestCases1 -->
