<?xml version="1.0" encoding="UTF-8"?>
<!-- Generated by org.testng.reporters.JUnitReportReporter -->
<testsuite skipped="0" hostname="INWS03011-02" name="com.project.test.Testcases.Dependent" tests="3" failures="0" timestamp="02 Jun 2021 14:58:13 GMT" time="0.014" errors="0">
  <testcase name="signIn" time="0.003" classname="com.project.test.Testcases.Dependent"/>
  <testcase name="closeBrowser" time="0.001" classname="com.project.test.Testcases.Dependent"/>
  <testcase name="openBrowser" time="0.010" classname="com.project.test.Testcases.Dependent"/>
</testsuite> <!-- com.project.test.Testcases.Dependent -->
