<?xml version="1.0" encoding="UTF-8"?>
<!-- Generated by org.testng.reporters.JUnitReportReporter -->
<testsuite skipped="0" hostname="INWS03011-02" name="com.project.test.Testcases.TestAnnotation" tests="2" failures="0" timestamp="03 Jun 2021 05:32:50 GMT" time="0.010" errors="0">
  <testcase name="Test1" time="0.003" classname="com.project.test.Testcases.TestAnnotation"/>
  <testcase name="Test" time="0.007" classname="com.project.test.Testcases.TestAnnotation"/>
</testsuite> <!-- com.project.test.Testcases.TestAnnotation -->
